
[93mACE v2.1 [0m

  [94minstance[0m
    name:bibd

  Loading variables...

  Loading constraints...

  [94mdomains[0m
    types:5  values:758  sizes:[2:379]
  [94mvariables[0m
    count:379  arrays:0  degrees:[1:35,2:295,8:49]
  [94mconstraints[0m
    count:331  specific:331  arities:[1:2,2:147,3:147,8:35]
    distribution:[Mul3bEQ:147,ObjVarGEu:1,ObjVarLEu:1,Sub2EQ:147,SumWeightedEQ:35]
    wck:0.15  cpu:0.451  mem:22M422
  [94mobjective[0m
    way:min  type:ObjVarLE  bounds:7..7

  Building solver... 

  [94msolver[0m
    guaranteedAC:true
    wck:0.17  cpu:0.464  mem:24M967

  [94mpreprocessing[0m
    effs:14  values:737  unsat:true
    wck:0.0  cpu:0.464  mem:24M967


  [94mglobal[0m
    effs:14
    stop:FULL_EXPLORATION
    wck:0.17  cpu:0.464  mem:24M967

[92ms UNSATISFIABLE[0m
[92m
d WRONG DECISIONS[0m 0
[92md FOUND SOLUTIONS[0m 0
[92md COMPLETE EXPLORATION[0m

c real time : 0.465
